[2020-12-17 18:24:35.274] [exthost] [info] extension host started
[2020-12-17 18:24:36.516] [exthost] [info] ExtensionService#_doActivateExtension vscode.npm {"startup":false,"extensionId":{"value":"vscode.npm","_lower":"vscode.npm"},"activationEvent":"onView:npm"}
[2020-12-17 18:24:36.516] [exthost] [info] ExtensionService#loadCommonJSModule file:///home/ec2-user/.vscode-server/bin/940b5f4bb5fa47866a54529ed759d95d09ee80be/extensions/npm/dist/npmMain
[2020-12-17 18:24:36.548] [exthost] [info] ExtensionService#_doActivateExtension vscode.debug-auto-launch {"startup":true,"extensionId":{"value":"vscode.debug-auto-launch","_lower":"vscode.debug-auto-launch"},"activationEvent":"*"}
[2020-12-17 18:24:36.548] [exthost] [info] ExtensionService#loadCommonJSModule file:///home/ec2-user/.vscode-server/bin/940b5f4bb5fa47866a54529ed759d95d09ee80be/extensions/debug-auto-launch/dist/extension
[2020-12-17 18:24:36.552] [exthost] [info] ExtensionService#_doActivateExtension vscode.emmet {"startup":true,"extensionId":{"value":"vscode.emmet","_lower":"vscode.emmet"},"activationEvent":"*"}
[2020-12-17 18:24:36.552] [exthost] [info] ExtensionService#loadCommonJSModule file:///home/ec2-user/.vscode-server/bin/940b5f4bb5fa47866a54529ed759d95d09ee80be/extensions/emmet/dist/node/emmetNodeMain
[2020-12-17 18:24:36.598] [exthost] [info] ExtensionService#_doActivateExtension vscode.git {"startup":true,"extensionId":{"value":"vscode.github","_lower":"vscode.github"},"activationEvent":"*"}
[2020-12-17 18:24:36.598] [exthost] [info] ExtensionService#loadCommonJSModule file:///home/ec2-user/.vscode-server/bin/940b5f4bb5fa47866a54529ed759d95d09ee80be/extensions/git/dist/main
[2020-12-17 18:24:36.649] [exthost] [info] ExtensionService#_doActivateExtension vscode.merge-conflict {"startup":true,"extensionId":{"value":"vscode.merge-conflict","_lower":"vscode.merge-conflict"},"activationEvent":"*"}
[2020-12-17 18:24:36.649] [exthost] [info] ExtensionService#loadCommonJSModule file:///home/ec2-user/.vscode-server/bin/940b5f4bb5fa47866a54529ed759d95d09ee80be/extensions/merge-conflict/dist/mergeConflictMain
[2020-12-17 18:24:36.653] [exthost] [info] ExtensionService#_doActivateExtension vscode.search-result {"startup":true,"extensionId":{"value":"vscode.search-result","_lower":"vscode.search-result"},"activationEvent":"*"}
[2020-12-17 18:24:36.653] [exthost] [info] ExtensionService#loadCommonJSModule file:///home/ec2-user/.vscode-server/bin/940b5f4bb5fa47866a54529ed759d95d09ee80be/extensions/search-result/dist/extension.js
[2020-12-17 18:24:38.101] [exthost] [info] ExtensionService#_doActivateExtension vscode.github {"startup":true,"extensionId":{"value":"vscode.github","_lower":"vscode.github"},"activationEvent":"*"}
[2020-12-17 18:24:38.101] [exthost] [info] ExtensionService#loadCommonJSModule file:///home/ec2-user/.vscode-server/bin/940b5f4bb5fa47866a54529ed759d95d09ee80be/extensions/github/dist/extension.js
[2020-12-17 18:24:38.561] [exthost] [info] eager extensions activated
[2020-12-17 18:24:38.709] [exthost] [info] ExtensionService#_doActivateExtension ms-vscode.js-debug {"startup":false,"extensionId":{"value":"ms-vscode.js-debug","_lower":"ms-vscode.js-debug"},"activationEvent":"onCommand:extension.js-debug.clearAutoAttachVariables"}
[2020-12-17 18:24:38.709] [exthost] [info] ExtensionService#loadCommonJSModule file:///home/ec2-user/.vscode-server/bin/940b5f4bb5fa47866a54529ed759d95d09ee80be/extensions/ms-vscode.js-debug/src/extension.js
[2020-12-17 18:24:41.400] [exthost] [info] ExtensionService#_doActivateExtension vscode.configuration-editing {"startup":false,"extensionId":{"value":"vscode.configuration-editing","_lower":"vscode.configuration-editing"},"activationEvent":"onLanguage:json"}
[2020-12-17 18:24:41.400] [exthost] [info] ExtensionService#loadCommonJSModule file:///home/ec2-user/.vscode-server/bin/940b5f4bb5fa47866a54529ed759d95d09ee80be/extensions/configuration-editing/dist/configurationEditingMain
[2020-12-17 18:24:41.407] [exthost] [info] ExtensionService#_doActivateExtension vscode.extension-editing {"startup":false,"extensionId":{"value":"vscode.extension-editing","_lower":"vscode.extension-editing"},"activationEvent":"onLanguage:json"}
[2020-12-17 18:24:41.407] [exthost] [info] ExtensionService#loadCommonJSModule file:///home/ec2-user/.vscode-server/bin/940b5f4bb5fa47866a54529ed759d95d09ee80be/extensions/extension-editing/dist/extensionEditingMain
[2020-12-17 18:24:41.428] [exthost] [info] ExtensionService#_doActivateExtension vscode.json-language-features {"startup":false,"extensionId":{"value":"vscode.json-language-features","_lower":"vscode.json-language-features"},"activationEvent":"onLanguage:json"}
[2020-12-17 18:24:41.428] [exthost] [info] ExtensionService#loadCommonJSModule file:///home/ec2-user/.vscode-server/bin/940b5f4bb5fa47866a54529ed759d95d09ee80be/extensions/json-language-features/client/dist/node/jsonClientMain
[2020-12-17 18:24:47.141] [exthost] [info] ExtensionService#_doActivateExtension vscode.typescript-language-features {"startup":false,"extensionId":{"value":"vscode.typescript-language-features","_lower":"vscode.typescript-language-features"},"activationEvent":"onLanguage:jsonc"}
[2020-12-17 18:24:47.142] [exthost] [info] ExtensionService#loadCommonJSModule file:///home/ec2-user/.vscode-server/bin/940b5f4bb5fa47866a54529ed759d95d09ee80be/extensions/typescript-language-features/dist/extension
[2020-12-17 18:41:04.242] [exthost] [warning] [Decorations] CAPPING events from decorations provider vscode.git 3775
[2020-12-17 18:41:06.504] [exthost] [warning] [Decorations] CAPPING events from decorations provider vscode.git 3775
[2020-12-17 18:41:11.635] [exthost] [warning] [Decorations] CAPPING events from decorations provider vscode.git 3775
[2020-12-17 18:41:16.775] [exthost] [warning] [Decorations] CAPPING events from decorations provider vscode.git 3775
[2020-12-17 18:41:21.891] [exthost] [warning] [Decorations] CAPPING events from decorations provider vscode.git 3775
[2020-12-17 18:41:27.009] [exthost] [warning] [Decorations] CAPPING events from decorations provider vscode.git 3775
[2020-12-17 18:41:32.120] [exthost] [warning] [Decorations] CAPPING events from decorations provider vscode.git 3775
[2020-12-17 18:41:37.243] [exthost] [warning] [Decorations] CAPPING events from decorations provider vscode.git 3775
[2020-12-17 18:41:42.354] [exthost] [warning] [Decorations] CAPPING events from decorations provider vscode.git 3775
[2020-12-17 18:41:47.471] [exthost] [warning] [Decorations] CAPPING events from decorations provider vscode.git 3775
[2020-12-17 18:41:52.634] [exthost] [warning] [Decorations] CAPPING events from decorations provider vscode.git 3775
[2020-12-17 18:41:57.759] [exthost] [warning] [Decorations] CAPPING events from decorations provider vscode.git 3775
[2020-12-17 18:42:02.889] [exthost] [warning] [Decorations] CAPPING events from decorations provider vscode.git 3775
[2020-12-17 18:42:08.072] [exthost] [warning] [Decorations] CAPPING events from decorations provider vscode.git 3775
[2020-12-17 18:42:13.202] [exthost] [warning] [Decorations] CAPPING events from decorations provider vscode.git 3775
[2020-12-17 18:42:18.385] [exthost] [warning] [Decorations] CAPPING events from decorations provider vscode.git 3775
[2020-12-17 18:42:35.263] [exthost] [warning] [Decorations] CAPPING events from decorations provider vscode.git 3775
[2020-12-17 18:42:40.411] [exthost] [warning] [Decorations] CAPPING events from decorations provider vscode.git 3775
[2020-12-17 18:42:45.552] [exthost] [warning] [Decorations] CAPPING events from decorations provider vscode.git 3775
[2020-12-17 18:42:50.693] [exthost] [warning] [Decorations] CAPPING events from decorations provider vscode.git 3775
[2020-12-17 18:42:55.887] [exthost] [warning] [Decorations] CAPPING events from decorations provider vscode.git 3775
[2020-12-17 18:43:01.034] [exthost] [warning] [Decorations] CAPPING events from decorations provider vscode.git 3775
[2020-12-17 18:43:08.677] [exthost] [warning] [Decorations] CAPPING events from decorations provider vscode.git 3775
[2020-12-17 18:43:27.443] [exthost] [warning] [Decorations] CAPPING events from decorations provider vscode.git 3775
[2020-12-17 18:43:32.710] [exthost] [warning] [Decorations] CAPPING events from decorations provider vscode.git 3775
[2020-12-17 18:43:37.900] [exthost] [warning] [Decorations] CAPPING events from decorations provider vscode.git 3775
[2020-12-17 18:43:43.084] [exthost] [warning] [Decorations] CAPPING events from decorations provider vscode.git 3775
[2020-12-17 18:43:48.276] [exthost] [warning] [Decorations] CAPPING events from decorations provider vscode.git 3775
[2020-12-17 18:43:53.467] [exthost] [warning] [Decorations] CAPPING events from decorations provider vscode.git 3775
[2020-12-17 18:44:16.643] [exthost] [warning] [Decorations] CAPPING events from decorations provider vscode.git 3775
[2020-12-17 18:44:28.399] [exthost] [warning] [Decorations] CAPPING events from decorations provider vscode.git 3775
[2020-12-17 18:45:13.496] [exthost] [warning] [Decorations] CAPPING events from decorations provider vscode.git 3775
[2020-12-17 18:45:18.790] [exthost] [warning] [Decorations] CAPPING events from decorations provider vscode.git 3775
[2020-12-17 18:45:25.391] [exthost] [warning] [Decorations] CAPPING events from decorations provider vscode.git 3775
[2020-12-17 18:45:32.732] [exthost] [warning] [Decorations] CAPPING events from decorations provider vscode.git 3775
[2020-12-17 18:45:38.512] [exthost] [warning] [Decorations] CAPPING events from decorations provider vscode.git 3775
[2020-12-17 18:45:43.820] [exthost] [warning] [Decorations] CAPPING events from decorations provider vscode.git 3775
