[Error - 7:27:08 PM] Dec 17, 2020, 7:27:08 PM Failed to create invisible project
Failed to create linked resource from '/home/ec2-user' to the invisible project 'ec2-user_7ac67605'.
org.eclipse.core.runtime.CoreException: Failed to create linked resource from '/home/ec2-user' to the invisible project 'ec2-user_7ac67605'.
	at org.eclipse.jdt.ls.core.internal.ProjectUtils.createInvisibleProjectIfNotExist(ProjectUtils.java:299)
	at org.eclipse.jdt.ls.core.internal.syntaxserver.SyntaxDocumentLifeCycleHandler.tryUpdateClasspath(SyntaxDocumentLifeCycleHandler.java:104)
	at org.eclipse.jdt.ls.core.internal.syntaxserver.SyntaxDocumentLifeCycleHandler.resolveCompilationUnit(SyntaxDocumentLifeCycleHandler.java:88)
	at org.eclipse.jdt.ls.core.internal.handlers.BaseDocumentLifeCycleHandler.handleOpen(BaseDocumentLifeCycleHandler.java:326)
	at org.eclipse.jdt.ls.core.internal.handlers.BaseDocumentLifeCycleHandler$5.run(BaseDocumentLifeCycleHandler.java:287)
	at org.eclipse.core.internal.resources.Workspace.run(Workspace.java:2292)
	at org.eclipse.core.internal.resources.Workspace.run(Workspace.java:2317)
	at org.eclipse.jdt.ls.core.internal.handlers.BaseDocumentLifeCycleHandler.didOpen(BaseDocumentLifeCycleHandler.java:284)
	at org.eclipse.jdt.ls.core.internal.syntaxserver.SyntaxLanguageServer.didOpen(SyntaxLanguageServer.java:250)
	at java.base/jdk.internal.reflect.NativeMethodAccessorImpl.invoke0(Native Method)
	at java.base/jdk.internal.reflect.NativeMethodAccessorImpl.invoke(NativeMethodAccessorImpl.java:62)
	at java.base/jdk.internal.reflect.DelegatingMethodAccessorImpl.invoke(DelegatingMethodAccessorImpl.java:43)
	at java.base/java.lang.reflect.Method.invoke(Method.java:566)
	at org.eclipse.lsp4j.jsonrpc.services.GenericEndpoint.lambda$null$0(GenericEndpoint.java:65)
	at org.eclipse.lsp4j.jsonrpc.services.GenericEndpoint.notify(GenericEndpoint.java:152)
	at org.eclipse.lsp4j.jsonrpc.RemoteEndpoint.handleNotification(RemoteEndpoint.java:220)
	at org.eclipse.lsp4j.jsonrpc.RemoteEndpoint.consume(RemoteEndpoint.java:187)
	at org.eclipse.jdt.ls.core.internal.ParentProcessWatcher.lambda$0(ParentProcessWatcher.java:123)
	at org.eclipse.lsp4j.jsonrpc.json.StreamMessageProducer.handleMessage(StreamMessageProducer.java:194)
	at org.eclipse.lsp4j.jsonrpc.json.StreamMessageProducer.listen(StreamMessageProducer.java:94)
	at org.eclipse.lsp4j.jsonrpc.json.ConcurrentMessageProcessor.run(ConcurrentMessageProcessor.java:113)
	at java.base/java.util.concurrent.Executors$RunnableAdapter.call(Executors.java:515)
	at java.base/java.util.concurrent.FutureTask.run(FutureTask.java:264)
	at java.base/java.util.concurrent.ThreadPoolExecutor.runWorker(ThreadPoolExecutor.java:1128)
	at java.base/java.util.concurrent.ThreadPoolExecutor$Worker.run(ThreadPoolExecutor.java:628)
	at java.base/java.lang.Thread.run(Thread.java:829)
Caused by: org.eclipse.core.internal.resources.ResourceException: '/home/ec2-user' is not a valid location for linked resources.
	at org.eclipse.core.internal.resources.Resource.assertLinkRequirements(Resource.java:170)
	at org.eclipse.core.internal.resources.Resource.createLink(Resource.java:636)
	at org.eclipse.jdt.ls.core.internal.ProjectUtils.createInvisibleProjectIfNotExist(ProjectUtils.java:296)
	... 25 more

