[2020-12-16 20:42:25.348] [exthost] [info] extension host started
[2020-12-16 20:42:26.222] [exthost] [info] ExtensionService#_doActivateExtension vscode.configuration-editing {"startup":false,"extensionId":{"value":"vscode.configuration-editing","_lower":"vscode.configuration-editing"},"activationEvent":"onLanguage:jsonc"}
[2020-12-16 20:42:26.222] [exthost] [info] ExtensionService#loadCommonJSModule file:///home/ec2-user/.vscode-server/bin/940b5f4bb5fa47866a54529ed759d95d09ee80be/extensions/configuration-editing/dist/configurationEditingMain
[2020-12-16 20:42:26.229] [exthost] [info] ExtensionService#_doActivateExtension vscode.json-language-features {"startup":false,"extensionId":{"value":"vscode.json-language-features","_lower":"vscode.json-language-features"},"activationEvent":"onLanguage:jsonc"}
[2020-12-16 20:42:26.229] [exthost] [info] ExtensionService#loadCommonJSModule file:///home/ec2-user/.vscode-server/bin/940b5f4bb5fa47866a54529ed759d95d09ee80be/extensions/json-language-features/client/dist/node/jsonClientMain
[2020-12-16 20:42:26.265] [exthost] [info] ExtensionService#_doActivateExtension vscode.typescript-language-features {"startup":false,"extensionId":{"value":"vscode.typescript-language-features","_lower":"vscode.typescript-language-features"},"activationEvent":"onLanguage:jsonc"}
[2020-12-16 20:42:26.265] [exthost] [info] ExtensionService#loadCommonJSModule file:///home/ec2-user/.vscode-server/bin/940b5f4bb5fa47866a54529ed759d95d09ee80be/extensions/typescript-language-features/dist/extension
[2020-12-16 20:42:26.296] [exthost] [info] ExtensionService#_doActivateExtension vscode.debug-auto-launch {"startup":true,"extensionId":{"value":"vscode.debug-auto-launch","_lower":"vscode.debug-auto-launch"},"activationEvent":"*"}
[2020-12-16 20:42:26.296] [exthost] [info] ExtensionService#loadCommonJSModule file:///home/ec2-user/.vscode-server/bin/940b5f4bb5fa47866a54529ed759d95d09ee80be/extensions/debug-auto-launch/dist/extension
[2020-12-16 20:42:26.299] [exthost] [info] ExtensionService#_doActivateExtension vscode.emmet {"startup":true,"extensionId":{"value":"vscode.emmet","_lower":"vscode.emmet"},"activationEvent":"*"}
[2020-12-16 20:42:26.299] [exthost] [info] ExtensionService#loadCommonJSModule file:///home/ec2-user/.vscode-server/bin/940b5f4bb5fa47866a54529ed759d95d09ee80be/extensions/emmet/dist/node/emmetNodeMain
[2020-12-16 20:42:26.337] [exthost] [info] ExtensionService#_doActivateExtension vscode.git {"startup":true,"extensionId":{"value":"vscode.github","_lower":"vscode.github"},"activationEvent":"*"}
[2020-12-16 20:42:26.337] [exthost] [info] ExtensionService#loadCommonJSModule file:///home/ec2-user/.vscode-server/bin/940b5f4bb5fa47866a54529ed759d95d09ee80be/extensions/git/dist/main
[2020-12-16 20:42:26.388] [exthost] [info] ExtensionService#_doActivateExtension vscode.merge-conflict {"startup":true,"extensionId":{"value":"vscode.merge-conflict","_lower":"vscode.merge-conflict"},"activationEvent":"*"}
[2020-12-16 20:42:26.388] [exthost] [info] ExtensionService#loadCommonJSModule file:///home/ec2-user/.vscode-server/bin/940b5f4bb5fa47866a54529ed759d95d09ee80be/extensions/merge-conflict/dist/mergeConflictMain
[2020-12-16 20:42:26.392] [exthost] [info] ExtensionService#_doActivateExtension vscode.search-result {"startup":true,"extensionId":{"value":"vscode.search-result","_lower":"vscode.search-result"},"activationEvent":"*"}
[2020-12-16 20:42:26.392] [exthost] [info] ExtensionService#loadCommonJSModule file:///home/ec2-user/.vscode-server/bin/940b5f4bb5fa47866a54529ed759d95d09ee80be/extensions/search-result/dist/extension.js
[2020-12-16 20:42:26.621] [exthost] [info] ExtensionService#_doActivateExtension vscode.github {"startup":true,"extensionId":{"value":"vscode.github","_lower":"vscode.github"},"activationEvent":"*"}
[2020-12-16 20:42:26.621] [exthost] [info] ExtensionService#loadCommonJSModule file:///home/ec2-user/.vscode-server/bin/940b5f4bb5fa47866a54529ed759d95d09ee80be/extensions/github/dist/extension.js
[2020-12-16 20:42:27.028] [exthost] [info] eager extensions activated
[2020-12-16 20:42:27.182] [exthost] [info] ExtensionService#_doActivateExtension ms-vscode.js-debug {"startup":false,"extensionId":{"value":"ms-vscode.js-debug","_lower":"ms-vscode.js-debug"},"activationEvent":"onCommand:extension.js-debug.clearAutoAttachVariables"}
[2020-12-16 20:42:27.182] [exthost] [info] ExtensionService#loadCommonJSModule file:///home/ec2-user/.vscode-server/bin/940b5f4bb5fa47866a54529ed759d95d09ee80be/extensions/ms-vscode.js-debug/src/extension.js
