[2020-12-17 19:14:46.829] [exthost] [info] extension host started
[2020-12-17 19:14:48.586] [exthost] [info] ExtensionService#_doActivateExtension vscode.npm {"startup":false,"extensionId":{"value":"vscode.npm","_lower":"vscode.npm"},"activationEvent":"onView:npm"}
[2020-12-17 19:14:48.587] [exthost] [info] ExtensionService#loadCommonJSModule file:///home/ec2-user/.vscode-server/bin/940b5f4bb5fa47866a54529ed759d95d09ee80be/extensions/npm/dist/npmMain
[2020-12-17 19:14:48.619] [exthost] [info] ExtensionService#_doActivateExtension vscode.debug-auto-launch {"startup":true,"extensionId":{"value":"vscode.debug-auto-launch","_lower":"vscode.debug-auto-launch"},"activationEvent":"*"}
[2020-12-17 19:14:48.620] [exthost] [info] ExtensionService#loadCommonJSModule file:///home/ec2-user/.vscode-server/bin/940b5f4bb5fa47866a54529ed759d95d09ee80be/extensions/debug-auto-launch/dist/extension
[2020-12-17 19:14:48.623] [exthost] [info] ExtensionService#_doActivateExtension vscode.emmet {"startup":true,"extensionId":{"value":"vscode.emmet","_lower":"vscode.emmet"},"activationEvent":"*"}
[2020-12-17 19:14:48.623] [exthost] [info] ExtensionService#loadCommonJSModule file:///home/ec2-user/.vscode-server/bin/940b5f4bb5fa47866a54529ed759d95d09ee80be/extensions/emmet/dist/node/emmetNodeMain
[2020-12-17 19:14:48.656] [exthost] [info] ExtensionService#_doActivateExtension vscode.git {"startup":true,"extensionId":{"value":"vscode.github","_lower":"vscode.github"},"activationEvent":"*"}
[2020-12-17 19:14:48.656] [exthost] [info] ExtensionService#loadCommonJSModule file:///home/ec2-user/.vscode-server/bin/940b5f4bb5fa47866a54529ed759d95d09ee80be/extensions/git/dist/main
[2020-12-17 19:14:48.711] [exthost] [info] ExtensionService#_doActivateExtension vscode.merge-conflict {"startup":true,"extensionId":{"value":"vscode.merge-conflict","_lower":"vscode.merge-conflict"},"activationEvent":"*"}
[2020-12-17 19:14:48.711] [exthost] [info] ExtensionService#loadCommonJSModule file:///home/ec2-user/.vscode-server/bin/940b5f4bb5fa47866a54529ed759d95d09ee80be/extensions/merge-conflict/dist/mergeConflictMain
[2020-12-17 19:14:48.717] [exthost] [info] ExtensionService#_doActivateExtension vscode.search-result {"startup":true,"extensionId":{"value":"vscode.search-result","_lower":"vscode.search-result"},"activationEvent":"*"}
[2020-12-17 19:14:48.717] [exthost] [info] ExtensionService#loadCommonJSModule file:///home/ec2-user/.vscode-server/bin/940b5f4bb5fa47866a54529ed759d95d09ee80be/extensions/search-result/dist/extension.js
[2020-12-17 19:14:50.435] [exthost] [info] ExtensionService#_doActivateExtension vscode.github {"startup":true,"extensionId":{"value":"vscode.github","_lower":"vscode.github"},"activationEvent":"*"}
[2020-12-17 19:14:50.436] [exthost] [info] ExtensionService#loadCommonJSModule file:///home/ec2-user/.vscode-server/bin/940b5f4bb5fa47866a54529ed759d95d09ee80be/extensions/github/dist/extension.js
[2020-12-17 19:14:51.446] [exthost] [info] eager extensions activated
[2020-12-17 19:14:51.711] [exthost] [info] ExtensionService#_doActivateExtension ms-vscode.js-debug {"startup":false,"extensionId":{"value":"ms-vscode.js-debug","_lower":"ms-vscode.js-debug"},"activationEvent":"onCommand:extension.js-debug.clearAutoAttachVariables"}
[2020-12-17 19:14:51.712] [exthost] [info] ExtensionService#loadCommonJSModule file:///home/ec2-user/.vscode-server/bin/940b5f4bb5fa47866a54529ed759d95d09ee80be/extensions/ms-vscode.js-debug/src/extension.js
[2020-12-17 19:14:52.219] [exthost] [error] {"message":"Git error","stdout":"","stderr":"fatal: Pathspec '/home/ec2-user/petclinic-microservices/README.md' is in submodule 'petclinic-microservices'\n","exitCode":128,"gitErrorCode":"IsInSubmodule"}
[2020-12-17 19:14:52.220] [exthost] [error] {"message":"Git error","stdout":"","stderr":"fatal: Pathspec '/home/ec2-user/petclinic-microservices/README.md' is in submodule 'petclinic-microservices'\n","exitCode":128,"gitErrorCode":"IsInSubmodule"}
[2020-12-17 19:14:52.220] [exthost] [error] {"message":"Git error","stdout":"","stderr":"fatal: Pathspec '/home/ec2-user/petclinic-microservices/README.md' is in submodule 'petclinic-microservices'\n","exitCode":128,"gitErrorCode":"IsInSubmodule"}
[2020-12-17 19:14:52.220] [exthost] [error] {"message":"Git error","stdout":"","stderr":"fatal: Pathspec '/home/ec2-user/petclinic-microservices/README.md' is in submodule 'petclinic-microservices'\n","exitCode":128,"gitErrorCode":"IsInSubmodule"}
[2020-12-17 19:14:52.220] [exthost] [error] {"message":"Git error","stdout":"","stderr":"fatal: Pathspec '/home/ec2-user/petclinic-microservices/README.md' is in submodule 'petclinic-microservices'\n","exitCode":128,"gitErrorCode":"IsInSubmodule"}
[2020-12-17 19:14:52.220] [exthost] [error] {"message":"Git error","stdout":"","stderr":"fatal: Pathspec '/home/ec2-user/petclinic-microservices/README.md' is in submodule 'petclinic-microservices'\n","exitCode":128,"gitErrorCode":"IsInSubmodule"}
[2020-12-17 19:14:52.220] [exthost] [error] {"message":"Git error","stdout":"","stderr":"fatal: Pathspec '/home/ec2-user/petclinic-microservices/README.md' is in submodule 'petclinic-microservices'\n","exitCode":128,"gitErrorCode":"IsInSubmodule"}
[2020-12-17 19:14:52.220] [exthost] [error] {"message":"Git error","stdout":"","stderr":"fatal: Pathspec '/home/ec2-user/petclinic-microservices/README.md' is in submodule 'petclinic-microservices'\n","exitCode":128,"gitErrorCode":"IsInSubmodule"}
[2020-12-17 19:14:52.220] [exthost] [error] {"message":"Git error","stdout":"","stderr":"fatal: Pathspec '/home/ec2-user/petclinic-microservices/README.md' is in submodule 'petclinic-microservices'\n","exitCode":128,"gitErrorCode":"IsInSubmodule"}
[2020-12-17 19:14:52.220] [exthost] [error] {"message":"Git error","stdout":"","stderr":"fatal: Pathspec '/home/ec2-user/petclinic-microservices/README.md' is in submodule 'petclinic-microservices'\n","exitCode":128,"gitErrorCode":"IsInSubmodule"}
[2020-12-17 19:14:52.220] [exthost] [error] {"message":"Git error","stdout":"","stderr":"fatal: Pathspec '/home/ec2-user/petclinic-microservices/README.md' is in submodule 'petclinic-microservices'\n","exitCode":128,"gitErrorCode":"IsInSubmodule"}
[2020-12-17 19:14:52.220] [exthost] [error] {"message":"Git error","stdout":"","stderr":"fatal: Pathspec '/home/ec2-user/petclinic-microservices/README.md' is in submodule 'petclinic-microservices'\n","exitCode":128,"gitErrorCode":"IsInSubmodule"}
[2020-12-17 19:14:52.220] [exthost] [error] {"message":"Git error","stdout":"","stderr":"fatal: Pathspec '/home/ec2-user/petclinic-microservices/README.md' is in submodule 'petclinic-microservices'\n","exitCode":128,"gitErrorCode":"IsInSubmodule"}
[2020-12-17 19:14:52.220] [exthost] [error] {"message":"Git error","stdout":"","stderr":"fatal: Pathspec '/home/ec2-user/petclinic-microservices/README.md' is in submodule 'petclinic-microservices'\n","exitCode":128,"gitErrorCode":"IsInSubmodule"}
[2020-12-17 19:14:52.220] [exthost] [error] {"message":"Git error","stdout":"","stderr":"fatal: Pathspec '/home/ec2-user/petclinic-microservices/README.md' is in submodule 'petclinic-microservices'\n","exitCode":128,"gitErrorCode":"IsInSubmodule"}
[2020-12-17 19:14:52.220] [exthost] [error] {"message":"Git error","stdout":"","stderr":"fatal: Pathspec '/home/ec2-user/petclinic-microservices/README.md' is in submodule 'petclinic-microservices'\n","exitCode":128,"gitErrorCode":"IsInSubmodule"}
[2020-12-17 19:14:52.220] [exthost] [error] {"message":"Git error","stdout":"","stderr":"fatal: Pathspec '/home/ec2-user/petclinic-microservices/README.md' is in submodule 'petclinic-microservices'\n","exitCode":128,"gitErrorCode":"IsInSubmodule"}
[2020-12-17 19:14:52.220] [exthost] [error] {"message":"Git error","stdout":"","stderr":"fatal: Pathspec '/home/ec2-user/petclinic-microservices/README.md' is in submodule 'petclinic-microservices'\n","exitCode":128,"gitErrorCode":"IsInSubmodule"}
[2020-12-17 19:14:52.220] [exthost] [error] {"message":"Git error","stdout":"","stderr":"fatal: Pathspec '/home/ec2-user/petclinic-microservices/README.md' is in submodule 'petclinic-microservices'\n","exitCode":128,"gitErrorCode":"IsInSubmodule"}
[2020-12-17 19:14:52.220] [exthost] [error] {"message":"Git error","stdout":"","stderr":"fatal: Pathspec '/home/ec2-user/petclinic-microservices/README.md' is in submodule 'petclinic-microservices'\n","exitCode":128,"gitErrorCode":"IsInSubmodule"}
[2020-12-17 19:14:52.221] [exthost] [error] {"message":"Git error","stdout":"","stderr":"fatal: Pathspec '/home/ec2-user/petclinic-microservices/README.md' is in submodule 'petclinic-microservices'\n","exitCode":128,"gitErrorCode":"IsInSubmodule"}
[2020-12-17 19:14:52.221] [exthost] [error] {"message":"Git error","stdout":"","stderr":"fatal: Pathspec '/home/ec2-user/petclinic-microservices/README.md' is in submodule 'petclinic-microservices'\n","exitCode":128,"gitErrorCode":"IsInSubmodule"}
[2020-12-17 19:14:52.221] [exthost] [error] {"message":"Git error","stdout":"","stderr":"fatal: Pathspec '/home/ec2-user/petclinic-microservices/README.md' is in submodule 'petclinic-microservices'\n","exitCode":128,"gitErrorCode":"IsInSubmodule"}
[2020-12-17 19:14:52.221] [exthost] [error] {"message":"Git error","stdout":"","stderr":"fatal: Pathspec '/home/ec2-user/petclinic-microservices/README.md' is in submodule 'petclinic-microservices'\n","exitCode":128,"gitErrorCode":"IsInSubmodule"}
[2020-12-17 19:14:52.221] [exthost] [error] {"message":"Git error","stdout":"","stderr":"fatal: Pathspec '/home/ec2-user/petclinic-microservices/README.md' is in submodule 'petclinic-microservices'\n","exitCode":128,"gitErrorCode":"IsInSubmodule"}
[2020-12-17 19:14:52.221] [exthost] [error] {"message":"Git error","stdout":"","stderr":"fatal: Pathspec '/home/ec2-user/petclinic-microservices/README.md' is in submodule 'petclinic-microservices'\n","exitCode":128,"gitErrorCode":"IsInSubmodule"}
[2020-12-17 19:14:52.221] [exthost] [error] {"message":"Git error","stdout":"","stderr":"fatal: Pathspec '/home/ec2-user/petclinic-microservices/README.md' is in submodule 'petclinic-microservices'\n","exitCode":128,"gitErrorCode":"IsInSubmodule"}
[2020-12-17 19:14:52.221] [exthost] [error] {"message":"Git error","stdout":"","stderr":"fatal: Pathspec '/home/ec2-user/petclinic-microservices/README.md' is in submodule 'petclinic-microservices'\n","exitCode":128,"gitErrorCode":"IsInSubmodule"}
[2020-12-17 19:14:52.221] [exthost] [error] {"message":"Git error","stdout":"","stderr":"fatal: Pathspec '/home/ec2-user/petclinic-microservices/README.md' is in submodule 'petclinic-microservices'\n","exitCode":128,"gitErrorCode":"IsInSubmodule"}
[2020-12-17 19:14:52.221] [exthost] [error] {"message":"Git error","stdout":"","stderr":"fatal: Pathspec '/home/ec2-user/petclinic-microservices/README.md' is in submodule 'petclinic-microservices'\n","exitCode":128,"gitErrorCode":"IsInSubmodule"}
[2020-12-17 19:14:52.221] [exthost] [error] {"message":"Git error","stdout":"","stderr":"fatal: Pathspec '/home/ec2-user/petclinic-microservices/README.md' is in submodule 'petclinic-microservices'\n","exitCode":128,"gitErrorCode":"IsInSubmodule"}
[2020-12-17 19:14:52.221] [exthost] [error] {"message":"Git error","stdout":"","stderr":"fatal: Pathspec '/home/ec2-user/petclinic-microservices/README.md' is in submodule 'petclinic-microservices'\n","exitCode":128,"gitErrorCode":"IsInSubmodule"}
[2020-12-17 19:14:52.221] [exthost] [error] {"message":"Git error","stdout":"","stderr":"fatal: Pathspec '/home/ec2-user/petclinic-microservices/README.md' is in submodule 'petclinic-microservices'\n","exitCode":128,"gitErrorCode":"IsInSubmodule"}
[2020-12-17 19:14:52.221] [exthost] [error] {"message":"Git error","stdout":"","stderr":"fatal: Pathspec '/home/ec2-user/petclinic-microservices/README.md' is in submodule 'petclinic-microservices'\n","exitCode":128,"gitErrorCode":"IsInSubmodule"}
[2020-12-17 19:14:52.221] [exthost] [error] {"message":"Git error","stdout":"","stderr":"fatal: Pathspec '/home/ec2-user/petclinic-microservices/README.md' is in submodule 'petclinic-microservices'\n","exitCode":128,"gitErrorCode":"IsInSubmodule"}
[2020-12-17 19:14:52.221] [exthost] [error] {"message":"Git error","stdout":"","stderr":"fatal: Pathspec '/home/ec2-user/petclinic-microservices/README.md' is in submodule 'petclinic-microservices'\n","exitCode":128,"gitErrorCode":"IsInSubmodule"}
[2020-12-17 19:14:52.221] [exthost] [error] {"message":"Git error","stdout":"","stderr":"fatal: Pathspec '/home/ec2-user/petclinic-microservices/README.md' is in submodule 'petclinic-microservices'\n","exitCode":128,"gitErrorCode":"IsInSubmodule"}
[2020-12-17 19:14:52.221] [exthost] [error] {"message":"Git error","stdout":"","stderr":"fatal: Pathspec '/home/ec2-user/petclinic-microservices/README.md' is in submodule 'petclinic-microservices'\n","exitCode":128,"gitErrorCode":"IsInSubmodule"}
[2020-12-17 19:14:52.221] [exthost] [error] {"message":"Git error","stdout":"","stderr":"fatal: Pathspec '/home/ec2-user/petclinic-microservices/README.md' is in submodule 'petclinic-microservices'\n","exitCode":128,"gitErrorCode":"IsInSubmodule"}
[2020-12-17 19:14:52.221] [exthost] [error] {"message":"Git error","stdout":"","stderr":"fatal: Pathspec '/home/ec2-user/petclinic-microservices/README.md' is in submodule 'petclinic-microservices'\n","exitCode":128,"gitErrorCode":"IsInSubmodule"}
[2020-12-17 19:14:52.221] [exthost] [error] {"message":"Git error","stdout":"","stderr":"fatal: Pathspec '/home/ec2-user/petclinic-microservices/README.md' is in submodule 'petclinic-microservices'\n","exitCode":128,"gitErrorCode":"IsInSubmodule"}
[2020-12-17 19:14:52.221] [exthost] [error] {"message":"Git error","stdout":"","stderr":"fatal: Pathspec '/home/ec2-user/petclinic-microservices/README.md' is in submodule 'petclinic-microservices'\n","exitCode":128,"gitErrorCode":"IsInSubmodule"}
[2020-12-17 19:14:52.221] [exthost] [error] {"message":"Git error","stdout":"","stderr":"fatal: Pathspec '/home/ec2-user/petclinic-microservices/README.md' is in submodule 'petclinic-microservices'\n","exitCode":128,"gitErrorCode":"IsInSubmodule"}
[2020-12-17 19:14:52.221] [exthost] [error] {"message":"Git error","stdout":"","stderr":"fatal: Pathspec '/home/ec2-user/petclinic-microservices/README.md' is in submodule 'petclinic-microservices'\n","exitCode":128,"gitErrorCode":"IsInSubmodule"}
[2020-12-17 19:14:52.221] [exthost] [error] {"message":"Git error","stdout":"","stderr":"fatal: Pathspec '/home/ec2-user/petclinic-microservices/README.md' is in submodule 'petclinic-microservices'\n","exitCode":128,"gitErrorCode":"IsInSubmodule"}
[2020-12-17 19:14:52.221] [exthost] [error] {"message":"Git error","stdout":"","stderr":"fatal: Pathspec '/home/ec2-user/petclinic-microservices/README.md' is in submodule 'petclinic-microservices'\n","exitCode":128,"gitErrorCode":"IsInSubmodule"}
[2020-12-17 19:14:52.973] [exthost] [info] ExtensionService#_doActivateExtension vscode.configuration-editing {"startup":false,"extensionId":{"value":"vscode.configuration-editing","_lower":"vscode.configuration-editing"},"activationEvent":"onLanguage:json"}
[2020-12-17 19:14:52.973] [exthost] [info] ExtensionService#loadCommonJSModule file:///home/ec2-user/.vscode-server/bin/940b5f4bb5fa47866a54529ed759d95d09ee80be/extensions/configuration-editing/dist/configurationEditingMain
[2020-12-17 19:14:52.978] [exthost] [info] ExtensionService#_doActivateExtension vscode.extension-editing {"startup":false,"extensionId":{"value":"vscode.extension-editing","_lower":"vscode.extension-editing"},"activationEvent":"onLanguage:json"}
[2020-12-17 19:14:52.978] [exthost] [info] ExtensionService#loadCommonJSModule file:///home/ec2-user/.vscode-server/bin/940b5f4bb5fa47866a54529ed759d95d09ee80be/extensions/extension-editing/dist/extensionEditingMain
[2020-12-17 19:14:52.990] [exthost] [info] ExtensionService#_doActivateExtension vscode.json-language-features {"startup":false,"extensionId":{"value":"vscode.json-language-features","_lower":"vscode.json-language-features"},"activationEvent":"onLanguage:json"}
[2020-12-17 19:14:52.990] [exthost] [info] ExtensionService#loadCommonJSModule file:///home/ec2-user/.vscode-server/bin/940b5f4bb5fa47866a54529ed759d95d09ee80be/extensions/json-language-features/client/dist/node/jsonClientMain
[2020-12-17 19:15:03.886] [exthost] [info] ExtensionService#_doActivateExtension vscode.typescript-language-features {"startup":false,"extensionId":{"value":"vscode.typescript-language-features","_lower":"vscode.typescript-language-features"},"activationEvent":"onLanguage:jsonc"}
[2020-12-17 19:15:03.887] [exthost] [info] ExtensionService#loadCommonJSModule file:///home/ec2-user/.vscode-server/bin/940b5f4bb5fa47866a54529ed759d95d09ee80be/extensions/typescript-language-features/dist/extension
[2020-12-17 19:15:04.108] [exthost] [warning] [Decorations] CAPPING events from decorations provider vscode.git 5000
[2020-12-17 19:26:55.126] [exthost] [info] ExtensionService#_doActivateExtension vscjava.vscode-java-debug {"startup":false,"extensionId":{"value":"vscjava.vscode-java-debug","_lower":"vscjava.vscode-java-debug"},"activationEvent":"onLanguage:java"}
[2020-12-17 19:26:55.127] [exthost] [info] ExtensionService#loadCommonJSModule file:///home/ec2-user/.vscode-server/extensions/vscjava.vscode-java-debug-0.30.0/dist/extension
[2020-12-17 19:26:58.794] [exthost] [info] ExtensionService#_doActivateExtension vscjava.vscode-maven {"startup":false,"extensionId":{"value":"vscjava.vscode-maven","_lower":"vscjava.vscode-maven"},"activationEvent":"workspaceContains:**/pom.xml"}
[2020-12-17 19:26:58.794] [exthost] [info] ExtensionService#loadCommonJSModule file:///home/ec2-user/.vscode-server/extensions/vscjava.vscode-maven-0.27.0/dist/extension
[2020-12-17 19:26:59.134] [exthost] [info] ExtensionService#_doActivateExtension VisualStudioExptTeam.vscodeintellicode {"startup":false,"extensionId":{"value":"VisualStudioExptTeam.vscodeintellicode","_lower":"visualstudioexptteam.vscodeintellicode"},"activationEvent":"onLanguage:java"}
[2020-12-17 19:26:59.134] [exthost] [info] ExtensionService#loadCommonJSModule file:///home/ec2-user/.vscode-server/extensions/visualstudioexptteam.vscodeintellicode-1.2.10/dist/intellicode
[2020-12-17 19:27:03.767] [exthost] [info] ExtensionService#_doActivateExtension redhat.java {"startup":false,"extensionId":{"value":"redhat.java","_lower":"redhat.java"},"activationEvent":"onLanguage:java"}
[2020-12-17 19:27:03.767] [exthost] [info] ExtensionService#loadCommonJSModule file:///home/ec2-user/.vscode-server/extensions/redhat.java-0.72.0/dist/extension
[2020-12-17 19:27:05.471] [exthost] [warning] [redhat.java] Accessing a resource scoped configuration without providing a resource is not expected. To get the effective value for '[java]', provide the URI of a resource or 'null' for any resource.
[2020-12-17 19:27:07.641] [exthost] [info] ExtensionService#_doActivateExtension vscjava.vscode-java-pack {"startup":false,"extensionId":{"value":"vscjava.vscode-java-pack","_lower":"vscjava.vscode-java-pack"},"activationEvent":"onLanguage:java"}
[2020-12-17 19:27:07.641] [exthost] [info] ExtensionService#loadCommonJSModule file:///home/ec2-user/.vscode-server/extensions/vscjava.vscode-java-pack-0.12.1/out/extension
[2020-12-17 19:27:08.451] [exthost] [info] ExtensionService#_doActivateExtension vscjava.vscode-java-test {"startup":false,"extensionId":{"value":"vscjava.vscode-java-test","_lower":"vscjava.vscode-java-test"},"activationEvent":"onLanguage:java"}
[2020-12-17 19:27:08.454] [exthost] [info] ExtensionService#loadCommonJSModule file:///home/ec2-user/.vscode-server/extensions/vscjava.vscode-java-test-0.26.1/main.js
[2020-12-17 19:27:14.766] [exthost] [warning] [redhat.java] Accessing a resource scoped configuration without providing a resource is not expected. To get the effective value for '[java]', provide the URI of a resource or 'null' for any resource.
[2020-12-17 19:28:44.381] [exthost] [info] ExtensionService#_doActivateExtension vscode.markdown-language-features {"startup":false,"extensionId":{"value":"vscode.markdown-language-features","_lower":"vscode.markdown-language-features"},"activationEvent":"onLanguage:markdown"}
[2020-12-17 19:28:44.381] [exthost] [info] ExtensionService#loadCommonJSModule file:///home/ec2-user/.vscode-server/bin/940b5f4bb5fa47866a54529ed759d95d09ee80be/extensions/markdown-language-features/dist/extension
[2020-12-17 19:32:37.809] [exthost] [error] {"message":"Git error","stdout":"","stderr":"fatal: Pathspec '/home/ec2-user/petclinic-microservices/package-with-mvn-wrapper.sh' is in submodule 'petclinic-microservices'\n","exitCode":128,"gitErrorCode":"IsInSubmodule"}
[2020-12-17 19:34:04.146] [exthost] [error] {"message":"Git error","stdout":"","stderr":"fatal: Pathspec '/home/ec2-user/petclinic-microservices/package-with-mvn-wrapper2.sh' is in submodule 'petclinic-microservices'\n","exitCode":128,"gitErrorCode":"IsInSubmodule"}
[2020-12-17 20:06:57.751] [exthost] [error] {"message":"Git error","stdout":"","stderr":"fatal: Pathspec '/home/ec2-user/petclinic-microservices/Infrastructure' is in submodule 'petclinic-microservices'\n","exitCode":128,"gitErrorCode":"IsInSubmodule"}
[2020-12-17 20:07:33.807] [exthost] [error] {"message":"Git error","stdout":"","stderr":"fatal: Pathspec '/home/ec2-user/petclinic-microservices/Infrastructure/dev-server-for-petclinic-cf-template' is in submodule 'petclinic-microservices'\n","exitCode":128,"gitErrorCode":"IsInSubmodule"}
[2020-12-17 20:09:52.350] [exthost] [error] {"message":"Git error","stdout":"","stderr":"fatal: Pathspec '/home/ec2-user/petclinic-microservices/spring-petclinic-admin-server' is in submodule 'petclinic-microservices'\n","exitCode":128,"gitErrorCode":"IsInSubmodule"}
[2020-12-17 20:09:54.607] [exthost] [error] {"message":"Git error","stdout":"","stderr":"fatal: Pathspec '/home/ec2-user/petclinic-microservices/spring-petclinic-api-gateway' is in submodule 'petclinic-microservices'\n","exitCode":128,"gitErrorCode":"IsInSubmodule"}
[2020-12-17 20:09:57.720] [exthost] [error] {"message":"Git error","stdout":"","stderr":"fatal: Pathspec '/home/ec2-user/petclinic-microservices/spring-petclinic-config-server' is in submodule 'petclinic-microservices'\n","exitCode":128,"gitErrorCode":"IsInSubmodule"}
[2020-12-17 20:09:59.613] [exthost] [error] {"message":"Git error","stdout":"","stderr":"fatal: Pathspec '/home/ec2-user/petclinic-microservices/spring-petclinic-customers-service' is in submodule 'petclinic-microservices'\n","exitCode":128,"gitErrorCode":"IsInSubmodule"}
[2020-12-17 20:10:01.162] [exthost] [error] {"message":"Git error","stdout":"","stderr":"fatal: Pathspec '/home/ec2-user/petclinic-microservices/spring-petclinic-discovery-server' is in submodule 'petclinic-microservices'\n","exitCode":128,"gitErrorCode":"IsInSubmodule"}
[2020-12-17 20:10:02.995] [exthost] [error] {"message":"Git error","stdout":"","stderr":"fatal: Pathspec '/home/ec2-user/petclinic-microservices/spring-petclinic-hystrix-dashboard' is in submodule 'petclinic-microservices'\n","exitCode":128,"gitErrorCode":"IsInSubmodule"}
[2020-12-17 20:10:04.633] [exthost] [error] {"message":"Git error","stdout":"","stderr":"fatal: Pathspec '/home/ec2-user/petclinic-microservices/spring-petclinic-vets-service' is in submodule 'petclinic-microservices'\n","exitCode":128,"gitErrorCode":"IsInSubmodule"}
[2020-12-17 20:10:06.104] [exthost] [error] {"message":"Git error","stdout":"","stderr":"fatal: Pathspec '/home/ec2-user/petclinic-microservices/spring-petclinic-visits-service' is in submodule 'petclinic-microservices'\n","exitCode":128,"gitErrorCode":"IsInSubmodule"}
[2020-12-17 20:10:07.290] [exthost] [error] {"message":"Git error","stdout":"","stderr":"fatal: Pathspec '/home/ec2-user/petclinic-microservices/.editorconfig' is in submodule 'petclinic-microservices'\n","exitCode":128,"gitErrorCode":"IsInSubmodule"}
[2020-12-17 20:10:08.361] [exthost] [error] {"message":"Git error","stdout":"","stderr":"fatal: Pathspec '/home/ec2-user/petclinic-microservices/.gitignore' is in submodule 'petclinic-microservices'\n","exitCode":128,"gitErrorCode":"IsInSubmodule"}
[2020-12-17 20:10:09.480] [exthost] [error] {"message":"Git error","stdout":"","stderr":"fatal: Pathspec '/home/ec2-user/petclinic-microservices/.travis.yml' is in submodule 'petclinic-microservices'\n","exitCode":128,"gitErrorCode":"IsInSubmodule"}
[2020-12-17 20:10:10.760] [exthost] [error] {"message":"Git error","stdout":"","stderr":"fatal: Pathspec '/home/ec2-user/petclinic-microservices/docker-compose.yml' is in submodule 'petclinic-microservices'\n","exitCode":128,"gitErrorCode":"IsInSubmodule"}
[2020-12-17 20:10:11.881] [exthost] [error] {"message":"Git error","stdout":"","stderr":"fatal: Pathspec '/home/ec2-user/petclinic-microservices/LICENSE' is in submodule 'petclinic-microservices'\n","exitCode":128,"gitErrorCode":"IsInSubmodule"}
[2020-12-17 20:10:13.541] [exthost] [error] {"message":"Git error","stdout":"","stderr":"fatal: Pathspec '/home/ec2-user/petclinic-microservices/mvnw' is in submodule 'petclinic-microservices'\n","exitCode":128,"gitErrorCode":"IsInSubmodule"}
[2020-12-17 20:10:15.062] [exthost] [error] {"message":"Git error","stdout":"","stderr":"fatal: Pathspec '/home/ec2-user/petclinic-microservices/mvnw.cmd' is in submodule 'petclinic-microservices'\n","exitCode":128,"gitErrorCode":"IsInSubmodule"}
[2020-12-17 20:10:16.937] [exthost] [error] {"message":"Git error","stdout":"","stderr":"fatal: Pathspec '/home/ec2-user/petclinic-microservices/pom.xml' is in submodule 'petclinic-microservices'\n","exitCode":128,"gitErrorCode":"IsInSubmodule"}
